<?xml version="1.0" encoding="UTF-8"?>
<testsuite name="Matrix" tests="4" skipped="0" failures="0" errors="0" timestamp="2021-03-26T09:21:17" hostname="white" time="2.227">
  <properties/>
  <testcase name="Determinant" classname="Matrix" time="2.123"/>
  <testcase name="Transpose" classname="Matrix" time="0.05"/>
  <testcase name="Inverse" classname="Matrix" time="0.028"/>
  <testcase name="Cofactor" classname="Matrix" time="0.022"/>
  <system-out><![CDATA[]]></system-out>
  <system-err><![CDATA[]]></system-err>
</testsuite>
